15.11.2016 18:07:41.037 0 DEBUG    69140 StaticFileController: docroot=D:/prj_tmp/RoverRest/etc/docroot, encoding=UTF-8, maxAge=60000
15.11.2016 18:07:41.037 0 DEBUG    69140 StaticFileController: cache timeout=60000, size=1000000
15.11.2016 18:07:41.038 0 DEBUG    69140 Using config file D:/prj_tmp/RoverRest/etc/rover.ini
15.11.2016 18:07:41.038 0 DEBUG    69140 Call Rover init
15.11.2016 18:07:41.038 0 DEBUG    69140 start rover init TH  0x10e14
15.11.2016 18:07:41.038 0 DEBUG    69140 reading group  "LeftFrontWheelDrive"  from settings
15.11.2016 18:07:41.038 4 INFO     69140 RoverWheelDrive  "a"  with F: 1501  B: 1601  added
15.11.2016 18:07:41.039 0 DEBUG    69140 reading group  "LeftMiddleWheelDrive"  from settings
15.11.2016 18:07:41.039 4 INFO     69140 RoverWheelDrive  "b"  with F: 1502  B: 1602  added
15.11.2016 18:07:41.039 0 DEBUG    69140 reading group  "LeftBackWheelDrive"  from settings
15.11.2016 18:07:41.039 4 INFO     69140 RoverWheelDrive  "c"  with F: 1503  B: 1603  added
15.11.2016 18:07:41.039 0 DEBUG    69140 reading group  "RightFrontWheelDrive"  from settings
15.11.2016 18:07:41.039 4 INFO     69140 RoverWheelDrive  "d"  with F: 1504  B: 1604  added
15.11.2016 18:07:41.039 0 DEBUG    69140 reading group  "RightMiddleWheelDrive"  from settings
15.11.2016 18:07:41.039 4 INFO     69140 RoverWheelDrive  "e"  with F: 1505  B: 1605  added
15.11.2016 18:07:41.039 0 DEBUG    69140 reading group  "RightBackWheelDrive"  from settings
15.11.2016 18:07:41.040 4 INFO     69140 RoverWheelDrive  "f"  with F: 1506  B: 1606  added
15.11.2016 18:07:41.040 0 DEBUG    69140 reading group  "LeftFrontWheelAngle"  from settings
15.11.2016 18:07:41.040 4 INFO     69140 RoverWheelAngle  "18"  with L: 1004  C: 2004  R: 3004  added
15.11.2016 18:07:41.040 0 DEBUG    69140 reading group  "LeftBackWheelAngle"  from settings
15.11.2016 18:07:41.040 4 INFO     69140 RoverWheelAngle  "17"  with L: 1003  C: 2003  R: 3003  added
15.11.2016 18:07:41.040 0 DEBUG    69140 reading group  "RightFrontWheelAngle"  from settings
15.11.2016 18:07:41.040 4 INFO     69140 RoverWheelAngle  "15"  with L: 1001  C: 2001  R: 3001  added
15.11.2016 18:07:41.040 0 DEBUG    69140 reading group  "RightFrontWheelAngle"  from settings
15.11.2016 18:07:41.040 4 INFO     69140 RoverWheelAngle  "15"  with L: 1001  C: 2001  R: 3001  added
15.11.2016 18:07:41.041 4 INFO     69140 Rover PortName =  "\\\\.\\COM2"
15.11.2016 18:07:41.041 4 INFO     69140 Rover PortRate =  9600
15.11.2016 18:07:41.041 0 DEBUG    69140 Call Rover connect
15.11.2016 18:07:41.041 0 DEBUG    69140 send openport TH  0x10e14
15.11.2016 18:07:41.041 0 DEBUG    69140 RequestMapper: created
15.11.2016 18:07:41.043 0 DEBUG    69140 HttpListener: Listening on port 8080
15.11.2016 18:07:41.043 1 WARNING  69140 Application has started
15.11.2016 18:07:41.042 0 DEBUG    75528 serialcomm open TH  0x12708
15.11.2016 18:07:41.042 0 DEBUG    75528 start serialcomm TH  0x12708
15.11.2016 18:07:41.057 4 INFO     75528 port  "\\\\.\\COM2"  opened
15.11.2016 18:23:19.542 0 DEBUG    55908 StaticFileController: docroot=D:/prj_tmp/RoverRest/etc/docroot, encoding=UTF-8, maxAge=60000
15.11.2016 18:23:19.542 0 DEBUG    55908 StaticFileController: cache timeout=60000, size=1000000
15.11.2016 18:23:19.542 0 DEBUG    55908 Using config file D:/prj_tmp/RoverRest/etc/rover.ini
15.11.2016 18:23:19.542 0 DEBUG    55908 Call Rover init
15.11.2016 18:23:19.543 0 DEBUG    55908 start rover init TH  0xda64
15.11.2016 18:23:19.543 0 DEBUG    55908 reading group  "LeftFrontWheelDrive"  from settings
15.11.2016 18:23:19.543 4 INFO     55908 RoverWheelDrive  "a"  with F: 1501  B: 1601  added
15.11.2016 18:23:19.543 0 DEBUG    55908 reading group  "LeftMiddleWheelDrive"  from settings
15.11.2016 18:23:19.543 4 INFO     55908 RoverWheelDrive  "b"  with F: 1502  B: 1602  added
15.11.2016 18:23:19.543 0 DEBUG    55908 reading group  "LeftBackWheelDrive"  from settings
15.11.2016 18:23:19.543 4 INFO     55908 RoverWheelDrive  "c"  with F: 1503  B: 1603  added
15.11.2016 18:23:19.543 0 DEBUG    55908 reading group  "RightFrontWheelDrive"  from settings
15.11.2016 18:23:19.544 4 INFO     55908 RoverWheelDrive  "d"  with F: 1504  B: 1604  added
15.11.2016 18:23:19.544 0 DEBUG    55908 reading group  "RightMiddleWheelDrive"  from settings
15.11.2016 18:23:19.544 4 INFO     55908 RoverWheelDrive  "e"  with F: 1505  B: 1605  added
15.11.2016 18:23:19.544 0 DEBUG    55908 reading group  "RightBackWheelDrive"  from settings
15.11.2016 18:23:19.544 4 INFO     55908 RoverWheelDrive  "f"  with F: 1506  B: 1606  added
15.11.2016 18:23:19.544 0 DEBUG    55908 reading group  "LeftFrontWheelAngle"  from settings
15.11.2016 18:23:19.544 4 INFO     55908 RoverWheelAngle  "18"  with L: 1004  C: 2004  R: 3004  added
15.11.2016 18:23:19.544 0 DEBUG    55908 reading group  "LeftBackWheelAngle"  from settings
15.11.2016 18:23:19.544 4 INFO     55908 RoverWheelAngle  "17"  with L: 1003  C: 2003  R: 3003  added
15.11.2016 18:23:19.544 0 DEBUG    55908 reading group  "RightFrontWheelAngle"  from settings
15.11.2016 18:23:19.545 4 INFO     55908 RoverWheelAngle  "15"  with L: 1001  C: 2001  R: 3001  added
15.11.2016 18:23:19.545 0 DEBUG    55908 reading group  "RightFrontWheelAngle"  from settings
15.11.2016 18:23:19.545 4 INFO     55908 RoverWheelAngle  "15"  with L: 1001  C: 2001  R: 3001  added
15.11.2016 18:23:19.545 4 INFO     55908 Rover PortName =  "\\\\.\\COM2"
15.11.2016 18:23:19.545 4 INFO     55908 Rover PortRate =  9600
15.11.2016 18:23:19.545 0 DEBUG    55908 Call Rover connect
15.11.2016 18:23:19.545 0 DEBUG    55908 send openport TH  0xda64
15.11.2016 18:23:19.545 0 DEBUG    55908 RequestMapper: created
15.11.2016 18:23:19.547 0 DEBUG    55908 HttpListener: Listening on port 8080
15.11.2016 18:23:19.547 1 WARNING  55908 Application has started
15.11.2016 18:23:19.547 0 DEBUG    19692 serialcomm open TH  0x4cec
15.11.2016 18:23:19.547 0 DEBUG    19692 start serialcomm TH  0x4cec
15.11.2016 18:23:19.561 4 INFO     19692 port  "\\\\.\\COM2"  opened
15.11.2016 18:23:31.184 0 DEBUG    50844 HttpConnectionHandler (0x7e6b98): thread started
15.11.2016 18:23:31.194 0 DEBUG    50844 HttpConnectionHandler (0x7e6b98): handle new connection
15.11.2016 18:23:31.250 0 DEBUG    50844 HttpConnectionHandler (0x7e6b98): read input
15.11.2016 18:23:31.251 0 DEBUG    50844 HttpRequest: read request
15.11.2016 18:23:31.251 0 DEBUG    50844 HttpRequest: read header
15.11.2016 18:23:31.251 0 DEBUG    50844 HttpRequest: received header host: localhost:8080
15.11.2016 18:23:31.251 0 DEBUG    50844 HttpRequest: read header
15.11.2016 18:23:31.251 0 DEBUG    50844 HttpRequest: received header connection: keep-alive
15.11.2016 18:23:31.251 0 DEBUG    50844 HttpRequest: read header
15.11.2016 18:23:31.251 0 DEBUG    50844 HttpRequest: received header cache-control: max-age=0
15.11.2016 18:23:31.251 0 DEBUG    50844 HttpRequest: read header
15.11.2016 18:23:31.251 0 DEBUG    50844 HttpRequest: received header upgrade-insecure-requests: 1
15.11.2016 18:23:31.251 0 DEBUG    50844 HttpRequest: read header
15.11.2016 18:23:31.251 0 DEBUG    50844 HttpRequest: received header user-agent: Mozilla/5.0 (Windows NT 6.1; WOW64) AppleWebKit/537.36 (KHTML, like Gecko) Chrome/53.0.2785.143 Safari/537.36
15.11.2016 18:23:31.251 0 DEBUG    50844 HttpRequest: read header
15.11.2016 18:23:31.251 0 DEBUG    50844 HttpRequest: received header accept: text/html,application/xhtml+xml,application/xml;q=0.9,image/webp,*/*;q=0.8
15.11.2016 18:23:31.251 0 DEBUG    50844 HttpRequest: read header
15.11.2016 18:23:31.251 0 DEBUG    50844 HttpRequest: received header accept-encoding: gzip, deflate, sdch
15.11.2016 18:23:31.251 0 DEBUG    50844 HttpRequest: read header
15.11.2016 18:23:31.251 0 DEBUG    50844 HttpRequest: received header accept-language: ru-RU,ru;q=0.8,en-US;q=0.6,en;q=0.4
15.11.2016 18:23:31.251 0 DEBUG    50844 HttpRequest: read header
15.11.2016 18:23:31.251 0 DEBUG    50844 HttpRequest: headers completed
15.11.2016 18:23:31.251 0 DEBUG    50844 HttpRequest: expect no body
15.11.2016 18:23:31.269 0 DEBUG    50844 HttpRequest: extract and decode request parameters
15.11.2016 18:23:31.269 0 DEBUG    50844 HttpRequest: extract cookies
15.11.2016 18:23:31.269 0 DEBUG    50844 HttpConnectionHandler (0x7e6b98): received request
15.11.2016 18:23:31.269 0 DEBUG    50844 RequestMapper: path=/
15.11.2016 18:23:31.269 0 DEBUG    50844 StaticFileController: Cache miss for /
15.11.2016 18:23:31.269 0 DEBUG    50844 StaticFileController: Open file D:/prj_tmp/RoverRest/etc/docroot//index.html
15.11.2016 18:23:31.272 0 DEBUG    50844 RequestMapper: finished request
15.11.2016 18:23:31.272 0 DEBUG    50844 HttpConnectionHandler (0x7e6b98): finished request
15.11.2016 18:23:33.526 0 DEBUG    50844 HttpConnectionHandler (0x7e6b98): read input
15.11.2016 18:23:33.526 0 DEBUG    50844 HttpRequest: read request
15.11.2016 18:23:33.526 0 DEBUG    50844 HttpRequest: read header
15.11.2016 18:23:33.526 0 DEBUG    50844 HttpRequest: received header host: localhost:8080
15.11.2016 18:23:33.526 0 DEBUG    50844 HttpRequest: read header
15.11.2016 18:23:33.526 0 DEBUG    50844 HttpRequest: received header connection: keep-alive
15.11.2016 18:23:33.526 0 DEBUG    50844 HttpRequest: read header
15.11.2016 18:23:33.526 0 DEBUG    50844 HttpRequest: received header upgrade-insecure-requests: 1
15.11.2016 18:23:33.526 0 DEBUG    50844 HttpRequest: read header
15.11.2016 18:23:33.526 0 DEBUG    50844 HttpRequest: received header user-agent: Mozilla/5.0 (Windows NT 6.1; WOW64) AppleWebKit/537.36 (KHTML, like Gecko) Chrome/53.0.2785.143 Safari/537.36
15.11.2016 18:23:33.526 0 DEBUG    50844 HttpRequest: read header
15.11.2016 18:23:33.526 0 DEBUG    50844 HttpRequest: received header accept: text/html,application/xhtml+xml,application/xml;q=0.9,image/webp,*/*;q=0.8
15.11.2016 18:23:33.526 0 DEBUG    50844 HttpRequest: read header
15.11.2016 18:23:33.526 0 DEBUG    50844 HttpRequest: received header referer: http://localhost:8080/
15.11.2016 18:23:33.526 0 DEBUG    50844 HttpRequest: read header
15.11.2016 18:23:33.526 0 DEBUG    50844 HttpRequest: received header accept-encoding: gzip, deflate, sdch
15.11.2016 18:23:33.526 0 DEBUG    50844 HttpRequest: read header
15.11.2016 18:23:33.526 0 DEBUG    50844 HttpRequest: received header accept-language: ru-RU,ru;q=0.8,en-US;q=0.6,en;q=0.4
15.11.2016 18:23:33.526 0 DEBUG    50844 HttpRequest: read header
15.11.2016 18:23:33.526 0 DEBUG    50844 HttpRequest: headers completed
15.11.2016 18:23:33.526 0 DEBUG    50844 HttpRequest: expect no body
15.11.2016 18:23:33.526 0 DEBUG    50844 HttpRequest: extract and decode request parameters
15.11.2016 18:23:33.526 0 DEBUG    50844 HttpRequest: extract cookies
15.11.2016 18:23:33.526 0 DEBUG    50844 HttpConnectionHandler (0x7e6b98): received request
15.11.2016 18:23:33.526 0 DEBUG    50844 RequestMapper: path=/vehicle
15.11.2016 18:23:33.526 4 INFO     50844 vehicle service
15.11.2016 18:23:33.529 0 DEBUG    50844 vehicle GET
15.11.2016 18:23:33.538 0 DEBUG    50844 setYaw  0
15.11.2016 18:23:33.538 0 DEBUG    50844 setYaw  0
15.11.2016 18:23:33.538 0 DEBUG    50844 RequestMapper: finished request
15.11.2016 18:23:33.538 0 DEBUG    50844 HttpConnectionHandler (0x7e6b98): finished request
15.11.2016 18:23:35.366 0 DEBUG    50844 HttpConnectionHandler (0x7e6b98): read input
15.11.2016 18:23:35.366 0 DEBUG    50844 HttpRequest: read request
15.11.2016 18:23:35.366 0 DEBUG    50844 HttpRequest: read header
15.11.2016 18:23:35.366 0 DEBUG    50844 HttpRequest: received header host: localhost:8080
15.11.2016 18:23:35.366 0 DEBUG    50844 HttpRequest: read header
15.11.2016 18:23:35.366 0 DEBUG    50844 HttpRequest: received header connection: keep-alive
15.11.2016 18:23:35.366 0 DEBUG    50844 HttpRequest: read header
15.11.2016 18:23:35.366 0 DEBUG    50844 HttpRequest: received header upgrade-insecure-requests: 1
15.11.2016 18:23:35.366 0 DEBUG    50844 HttpRequest: read header
15.11.2016 18:23:35.366 0 DEBUG    50844 HttpRequest: received header user-agent: Mozilla/5.0 (Windows NT 6.1; WOW64) AppleWebKit/537.36 (KHTML, like Gecko) Chrome/53.0.2785.143 Safari/537.36
15.11.2016 18:23:35.366 0 DEBUG    50844 HttpRequest: read header
15.11.2016 18:23:35.366 0 DEBUG    50844 HttpRequest: received header accept: text/html,application/xhtml+xml,application/xml;q=0.9,image/webp,*/*;q=0.8
15.11.2016 18:23:35.366 0 DEBUG    50844 HttpRequest: read header
15.11.2016 18:23:35.366 0 DEBUG    50844 HttpRequest: received header referer: http://localhost:8080/
15.11.2016 18:23:35.366 0 DEBUG    50844 HttpRequest: read header
15.11.2016 18:23:35.366 0 DEBUG    50844 HttpRequest: received header accept-encoding: gzip, deflate, sdch
15.11.2016 18:23:35.366 0 DEBUG    50844 HttpRequest: read header
15.11.2016 18:23:35.366 0 DEBUG    50844 HttpRequest: received header accept-language: ru-RU,ru;q=0.8,en-US;q=0.6,en;q=0.4
15.11.2016 18:23:35.366 0 DEBUG    50844 HttpRequest: read header
15.11.2016 18:23:35.366 0 DEBUG    50844 HttpRequest: headers completed
15.11.2016 18:23:35.366 0 DEBUG    50844 HttpRequest: expect no body
15.11.2016 18:23:35.366 0 DEBUG    50844 HttpRequest: extract and decode request parameters
15.11.2016 18:23:35.366 0 DEBUG    50844 HttpRequest: extract cookies
15.11.2016 18:23:35.366 0 DEBUG    50844 HttpConnectionHandler (0x7e6b98): received request
15.11.2016 18:23:35.366 0 DEBUG    50844 RequestMapper: path=/vehicle
15.11.2016 18:23:35.366 4 INFO     50844 vehicle service
15.11.2016 18:25:43.692 0 DEBUG    30544 Using config file D:/prj_tmp/RoverRest/etc/rover.ini
15.11.2016 18:25:43.692 0 DEBUG    30544 Call Rover init
15.11.2016 18:25:43.692 0 DEBUG    30544 start rover init TH  0x7750
15.11.2016 18:25:43.692 0 DEBUG    30544 reading group  "LeftFrontWheelDrive"  from settings
15.11.2016 18:25:43.692 4 INFO     30544 RoverWheelDrive  "a"  with F: 1501  B: 1601  added
15.11.2016 18:25:43.693 0 DEBUG    30544 reading group  "LeftMiddleWheelDrive"  from settings
15.11.2016 18:25:43.693 4 INFO     30544 RoverWheelDrive  "b"  with F: 1502  B: 1602  added
15.11.2016 18:25:43.693 0 DEBUG    30544 reading group  "LeftBackWheelDrive"  from settings
15.11.2016 18:25:43.693 4 INFO     30544 RoverWheelDrive  "c"  with F: 1503  B: 1603  added
15.11.2016 18:25:43.693 0 DEBUG    30544 reading group  "RightFrontWheelDrive"  from settings
15.11.2016 18:25:43.693 4 INFO     30544 RoverWheelDrive  "d"  with F: 1504  B: 1604  added
15.11.2016 18:25:43.693 0 DEBUG    30544 reading group  "RightMiddleWheelDrive"  from settings
15.11.2016 18:25:43.693 4 INFO     30544 RoverWheelDrive  "e"  with F: 1505  B: 1605  added
15.11.2016 18:25:43.693 0 DEBUG    30544 reading group  "RightBackWheelDrive"  from settings
15.11.2016 18:25:43.694 4 INFO     30544 RoverWheelDrive  "f"  with F: 1506  B: 1606  added
15.11.2016 18:25:43.694 0 DEBUG    30544 reading group  "LeftFrontWheelAngle"  from settings
15.11.2016 18:25:43.694 4 INFO     30544 RoverWheelAngle  "18"  with L: 1004  C: 2004  R: 3004  added
15.11.2016 18:25:43.694 0 DEBUG    30544 reading group  "LeftBackWheelAngle"  from settings
15.11.2016 18:25:43.694 4 INFO     30544 RoverWheelAngle  "17"  with L: 1003  C: 2003  R: 3003  added
15.11.2016 18:25:43.694 0 DEBUG    30544 reading group  "RightFrontWheelAngle"  from settings
15.11.2016 18:25:43.694 4 INFO     30544 RoverWheelAngle  "15"  with L: 1001  C: 2001  R: 3001  added
15.11.2016 18:25:43.694 0 DEBUG    30544 reading group  "RightFrontWheelAngle"  from settings
15.11.2016 18:25:43.694 4 INFO     30544 RoverWheelAngle  "15"  with L: 1001  C: 2001  R: 3001  added
15.11.2016 18:25:43.694 4 INFO     30544 Rover PortName =  "\\\\.\\COM2"
15.11.2016 18:25:43.695 4 INFO     30544 Rover PortRate =  9600
15.11.2016 18:25:43.695 0 DEBUG    30544 Call Rover connect
15.11.2016 18:25:43.695 0 DEBUG    30544 send openport TH  0x7750
15.11.2016 18:25:43.695 0 DEBUG    30544 RequestMapper: created
15.11.2016 18:25:43.697 0 DEBUG    30544 HttpListener: Listening on port 8080
15.11.2016 18:25:43.697 1 WARNING  30544 Application has started
15.11.2016 18:25:43.696 0 DEBUG    35448 serialcomm open TH  0x8a78
15.11.2016 18:25:43.696 0 DEBUG    35448 start serialcomm TH  0x8a78
15.11.2016 18:25:43.711 4 INFO     35448 port  "\\\\.\\COM2"  opened
